===== Thu Oct 30 13:56:07 UTC 2025 : Starting Oracle user creation =====
→ Checking user LA_PLUS_BELLE_TUILE...
ℹ️  User LA_PLUS_BELLE_TUILE already exists, skipping.
→ Checking user DATA_LINK_SOLUTION...
ℹ️  User DATA_LINK_SOLUTION already exists, skipping.
→ Checking user GROUPE_1...
⚙️  Creating user GROUPE_1...
✅ User GROUPE_1 created successfully.
→ Checking user GROUPE_2...
⚙️  Creating user GROUPE_2...
✅ User GROUPE_2 created successfully.
→ Checking user GROUPE_3...
⚙️  Creating user GROUPE_3...
✅ User GROUPE_3 created successfully.
→ Checking user GROUPE_4...
⚙️  Creating user GROUPE_4...
✅ User GROUPE_4 created successfully.
→ Checking user GROUPE_5...
ℹ️  User GROUPE_5 already exists, skipping.
→ Checking user GROUPE_6...
⚙️  Creating user GROUPE_6...
✅ User GROUPE_6 created successfully.
→ Checking user GROUPE_7...
ℹ️  User GROUPE_7 already exists, skipping.
→ Checking user GROUPE_8...
ℹ️  User GROUPE_8 already exists, skipping.
→ Checking user GROUPE_9...
⚙️  Creating user GROUPE_9...
✅ User GROUPE_9 created successfully.
→ Checking user GROUPE_10...
⚙️  Creating user GROUPE_10...
✅ User GROUPE_10 created successfully.
→ Checking user GROUPE_11...
ℹ️  User GROUPE_11 already exists, skipping.
→ Checking user GROUPE_12...
⚙️  Creating user GROUPE_12...
✅ User GROUPE_12 created successfully.
→ Checking user GROUPE_13...
⚙️  Creating user GROUPE_13...
✅ User GROUPE_13 created successfully.
===== Thu Oct 30 13:56:10 UTC 2025 : All user checks complete =====
